Removed Pin From Net: NetName=SGND Pin=P?-4
Removed Pin From Net: NetName=NetDriver-1_2 Pin=U-1
Removed Pin From Net: NetName=+5V Pin=U-2
Removed Pin From Net: NetName=NetDriver-1_12 Pin=U-3
Removed Pin From Net: NetName=NetDriver-1_4 Pin=U-4
Removed Pin From Net: NetName=NetDriver-1_5 Pin=U-5
Removed Pin From Net: NetName=NetDriver-1_6 Pin=U-6
Removed Pin From Net: NetName=NetDriver-2_4 Pin=U-7
Removed Pin From Net: NetName=NetDriver-2_12 Pin=U-8
Removed Pin From Net: NetName=NetDriver-2_2 Pin=U-9
Removed Pin From Net: NetName=SGND Pin=U-11
Removed Pin From Net: NetName=NetDriver-3_5 Pin=U?-1
Removed Pin From Net: NetName=+5V Pin=U?-2
Removed Pin From Net: NetName=NetDriver-3_4 Pin=U?-3
Removed Pin From Net: NetName=NetDriver-3_12 Pin=U?-4
Removed Pin From Net: NetName=NetDriver-3_2 Pin=U?-5
Removed Pin From Net: NetName=NetDriver-3_6 Pin=U?-6
Removed Pin From Net: NetName=NetDriver-2_6 Pin=U?-7
Removed Pin From Net: NetName=NetDriver-2_5 Pin=U?-8
Removed Pin From Net: NetName=SGND Pin=U?-11
Removed Member From Class: ClassName=Isolated_gate_drive Member=P7
Removed Member From Class: ClassName=Isolated_gate_drive Member=P8
Removed Member From Class: ClassName=Isolated_gate_drive Member=P9
Removed Member From Class: ClassName=Isolated_gate_drive Member=P?
Removed Member From Class: ClassName=Isolated_gate_drive Member=U?
Removed Member From Class: ClassName=Isolated_gate_drive Member=U
